<?xml version="1.0" encoding="UTF-8"?>
<!-- Generated by org.testng.reporters.JUnitReportReporter -->
<testsuite hostname="DESKTOP-NIGOF7R" failures="0" tests="2" name="SeleniumTest.MavenJava.AppiumTest" time="0.003" errors="0" timestamp="2020-11-16T00:12:14 CST" skipped="0">
  <testcase classname="SeleniumTest.MavenJava.AppiumTest" name="IOSApps" time="0.003"/>
  <system-out/>
  <testcase classname="SeleniumTest.MavenJava.AppiumTest" name="NativeAppAndroid" time="0.000"/>
  <system-out/>
</testsuite> <!-- SeleniumTest.MavenJava.AppiumTest -->
