<?xml version="1.0" encoding="UTF-8"?>
<!-- Generated by org.testng.reporters.JUnitReportReporter -->
<testsuite hostname="DESKTOP-NIGOF7R" failures="0" tests="2" name="SeleniumTest.MavenJava.SeleniumTest" time="0.000" errors="0" timestamp="2020-11-16T00:12:14 CST" skipped="0">
  <testcase classname="SeleniumTest.MavenJava.SeleniumTest" name="elementsUI" time="0.000"/>
  <system-out/>
  <testcase classname="SeleniumTest.MavenJava.SeleniumTest" name="browserAutomation" time="0.000"/>
  <system-out/>
</testsuite> <!-- SeleniumTest.MavenJava.SeleniumTest -->
