<?xml version="1.0" encoding="UTF-8"?>
<!-- Generated by org.testng.reporters.JUnitReportReporter -->
<testsuite hostname="DESKTOP-NIGOF7R" failures="0" tests="1" name="SeleniumTest.MavenJava.AppTest" time="0.011" errors="0" timestamp="2020-11-16T00:12:15 CST" skipped="0">
  <testcase classname="SeleniumTest.MavenJava.AppTest" name="shouldAnswerWithTrue" time="0.011"/>
  <system-out/>
</testsuite> <!-- SeleniumTest.MavenJava.AppTest -->
