<?xml version="1.0" encoding="UTF-8"?>
<!-- Generated by org.testng.reporters.JUnitReportReporter -->
<testsuite hostname="DESKTOP-NIGOF7R" failures="0" tests="2" name="SeleniumTest.MavenJava.RestApiTest" time="0.004" errors="0" timestamp="2020-11-16T23:28:02 CST" skipped="0">
  <testcase classname="SeleniumTest.MavenJava.RestApiTest" name="twitterDelete" time="0.001"/>
  <system-out/>
  <testcase classname="SeleniumTest.MavenJava.RestApiTest" name="postjira" time="0.003"/>
  <system-out/>
</testsuite> <!-- SeleniumTest.MavenJava.RestApiTest -->
